{"/Users/ptdede/Documents/IDEASICK/FRONTEND-MASTER/jest.setup.js": {"path":"/Users/ptdede/Documents/IDEASICK/FRONTEND-MASTER/jest.setup.js","statementMap":{"0":{"start":{"line":1,"column":15},"end":{"line":1,"column":32}},"1":{"start":{"line":2,"column":16},"end":{"line":2,"column":50}},"2":{"start":{"line":4,"column":0},"end":{"line":4,"column":44}}},"fnMap":{},"branchMap":{},"s":{"0":2,"1":2,"2":2},"f":{},"b":{},"_coverageSchema":"332fd63041d2c1bcb487cc26dd0d5f7d97098a6c","hash":"149b815c2d00e04b693a8443cc799df6003281dc"}
}
